<?xml version="1.0" encoding="UTF-8" ?>
<testsuite failures="1" time="18.832" errors="0" skipped="0" tests="1" name="com.rq.selenium.corp.WhenSearchingForDrupalUsingGoogleTest">
  <properties>
[...]
</properties>
  <testcase time="18.785" classname="com.rq.selenium.corp.WhenSearchingForDrupalUsingGoogleTest" name="testClickingLink">
    <failure message="expected:&lt;[Bit Motif » Test Page For Selenium Remote Control]&gt; but was:&lt;[Test Page For Selenium Remote Control « Bit Motif]&gt;" type="junit.framework.ComparisonFailure">junit.framework.ComparisonFailure: expected:&lt;[Bit Motif » Test Page For Selenium Remote Control]&gt; but was:&lt;[Test Page For Selenium Remote Control « Bit Motif]&gt;
	at junit.framework.Assert.assertEquals(Assert.java:85)
	at junit.framework.Assert.assertEquals(Assert.java:91)
	at com.rq.selenium.corp.WhenSearchingForDrupalUsingGoogleTest.testClickingLink(WhenSearchingForDrupalUsingGoogleTest.java:38)
	at sun.reflect.NativeMethodAccessorImpl.invoke0(Native Method)
	at sun.reflect.NativeMethodAccessorImpl.invoke(NativeMethodAccessorImpl.java:39)
	at sun.reflect.DelegatingMethodAccessorImpl.invoke(DelegatingMethodAccessorImpl.java:25)
	at java.lang.reflect.Method.invoke(Method.java:597)
	at junit.framework.TestCase.runTest(TestCase.java:168)
	at junit.framework.TestCase.runBare(TestCase.java:134)
	at junit.framework.TestResult$1.protect(TestResult.java:110)
	at junit.framework.TestResult.runProtected(TestResult.java:128)
	at junit.framework.TestResult.run(TestResult.java:113)
	at junit.framework.TestCase.run(TestCase.java:124)
	at junit.framework.TestSuite.runTest(TestSuite.java:243)
	at junit.framework.TestSuite.run(TestSuite.java:238)
	at org.junit.internal.runners.JUnit38ClassRunner.run(JUnit38ClassRunner.java:83)
	at org.apache.maven.surefire.junit4.JUnit4TestSet.execute(JUnit4TestSet.java:35)
	at org.apache.maven.surefire.junit4.JUnit4Provider.executeTestSet(JUnit4Provider.java:115)
	at org.apache.maven.surefire.junit4.JUnit4Provider.invoke(JUnit4Provider.java:97)
	at sun.reflect.NativeMethodAccessorImpl.invoke0(Native Method)
	at sun.reflect.NativeMethodAccessorImpl.invoke(NativeMethodAccessorImpl.java:39)
	at sun.reflect.DelegatingMethodAccessorImpl.invoke(DelegatingMethodAccessorImpl.java:25)
	at java.lang.reflect.Method.invoke(Method.java:597)
	at org.apache.maven.surefire.booter.ProviderFactory$ClassLoaderProxy.invoke(ProviderFactory.java:103)
	at $Proxy0.invoke(Unknown Source)
	at org.apache.maven.surefire.booter.SurefireStarter.invokeProvider(SurefireStarter.java:150)
	at org.apache.maven.surefire.booter.SurefireStarter.runSuitesInProcess(SurefireStarter.java:91)
	at org.apache.maven.surefire.booter.ForkedBooter.main(ForkedBooter.java:69)
</failure>
    <system-out>@HL
@HL-------------------------------------------------------
@HL T E S T S
@HL-------------------------------------------------------
@SLRunning com.rq.selenium.corp.WhenSearchingForDrupalUsingGoogleTest
11:45:54.967 INFO - Java: Apple Inc. 20.4-b02-402
11:45:54.970 INFO - OS: Mac OS X 10.7.2 x86_64
11:45:54.976 INFO - v2.21.0, with Core v2.21.0. Built from revision 16551
11:45:55.146 INFO - RemoteWebDriver instances should connect to: http://127.0.0.1:4444/wd/hub
11:45:55.147 INFO - Version Jetty/5.1.x
11:45:55.148 INFO - Started HttpContext[/selenium-server/driver,/selenium-server/driver]
11:45:55.150 INFO - Started HttpContext[/selenium-server,/selenium-server]
11:45:55.150 INFO - Started HttpContext[/,/]
11:45:55.214 INFO - Started org.openqa.jetty.jetty.servlet.ServletHandler@2e297ffb
11:45:55.214 INFO - Started HttpContext[/wd,/wd]
11:45:55.224 INFO - Started SocketListener on 0.0.0.0:4444
11:45:55.225 INFO - Started org.openqa.jetty.jetty.Server@2fb3f8f6
11:45:55.303 INFO - Checking Resource aliases
11:45:55.310 INFO - Command request: getNewBrowserSession[*firefox, http://www.bitmotif.com, ] on session null
11:45:55.315 INFO - creating new remote session
11:45:55.341 INFO - Allocated session 6eaa6bc725404068a7288b5ed4dd1ed3 for http://www.bitmotif.com, launching...
11:45:55.409 INFO - Preparing Firefox profile...
11:45:57.625 INFO - Launching Firefox...
11:46:00.747 INFO - Got result: OK,6eaa6bc725404068a7288b5ed4dd1ed3 on session 6eaa6bc725404068a7288b5ed4dd1ed3
11:46:00.755 INFO - Command request: open[http://www.bitmotif.com, ] on session 6eaa6bc725404068a7288b5ed4dd1ed3
11:46:05.097 INFO - Got result: OK on session 6eaa6bc725404068a7288b5ed4dd1ed3
11:46:05.100 INFO - Command request: click[link=Test Page For Selenium Remote Control, ] on session 6eaa6bc725404068a7288b5ed4dd1ed3
11:46:05.114 INFO - Got result: OK on session 6eaa6bc725404068a7288b5ed4dd1ed3
11:46:05.117 INFO - Command request: waitForPageToLoad[60000, ] on session 6eaa6bc725404068a7288b5ed4dd1ed3
11:46:07.862 INFO - Got result: OK on session 6eaa6bc725404068a7288b5ed4dd1ed3
11:46:07.865 INFO - Command request: getTitle[, ] on session 6eaa6bc725404068a7288b5ed4dd1ed3
11:46:07.903 INFO - Got result: OK,Test Page For Selenium Remote Control « Bit Motif on session 6eaa6bc725404068a7288b5ed4dd1ed3
11:46:07.906 INFO - Command request: testComplete[, ] on session 6eaa6bc725404068a7288b5ed4dd1ed3
11:46:07.906 INFO - Killing Firefox...
11:46:08.098 INFO - Got result: OK on session 6eaa6bc725404068a7288b5ed4dd1ed3
11:46:08.100 INFO - Stopping Acceptor ServerSocket[addr=0.0.0.0/0.0.0.0,port=0,localport=4444]
11:46:08.200 INFO - Stopped SocketListener on 0.0.0.0:4444
11:46:08.245 INFO - Stopped HttpContext[/selenium-server/driver,/selenium-server/driver]
11:46:08.279 INFO - Stopped HttpContext[/selenium-server,/selenium-server]
11:46:08.312 INFO - Stopped HttpContext[/,/]
11:46:08.312 INFO - Stopped org.openqa.jetty.jetty.servlet.ServletHandler@2e297ffb
11:46:08.350 INFO - Stopped HttpContext[/wd,/wd]
11:46:08.350 INFO - Stopped org.openqa.jetty.jetty.Server@2fb3f8f6
</system-out>
  </testcase>
</testsuite>